<?xml version="1.0" encoding="UTF-8"?>
<!-- Generated by org.testng.reporters.JUnitReportReporter -->
<testsuite hostname="gits-server" name="example.NewTest" tests="1" failures="0" timestamp="14 Oct 2016 11:15:52 GMT" time="8.989" errors="0">
  <testcase name="testEasy" time="8.989" classname="example.NewTest"/>
</testsuite> <!-- example.NewTest -->
