<?xml version="1.0" encoding="UTF-8"?>
<testsuite name="TestSuite" time="20.844" tests="1" errors="0" skipped="0" failures="0">
  <properties>
    <property name="java.vendor" value="Oracle Corporation"/>
    <property name="JOB_NAME" value="RMSSeleniumTesting"/>
    <property name="PWD" value="/var/lib/jenkins"/>
    <property name="sun.java.launcher" value="SUN_STANDARD"/>
    <property name="sun.management.compiler" value="HotSpot 64-Bit Tiered Compilers"/>
    <property name="JENKINS_HOME" value="/var/lib/jenkins"/>
    <property name="PATH" value="/usr/lib/jvm/jdk1.7.0_79/bin:/usr/local/bin:/usr/bin:/bin:/usr/local/games:/usr/games:/usr/lib/jvm/java-7-oracle/jre/bin/java/bin:s{CATALINA_HOME}/bin:/usr/lib/jvm/java-8-oracle/bin:/usr/lib/jvm/java-8-oracle/db/bin:/usr/lib/jvm/java-8-oracle/jre/bin"/>
    <property name="HUDSON_SERVER_COOKIE" value="298135014dfc232b"/>
    <property name="POM_ARTIFACTID" value="SeleniumTestDemo"/>
    <property name="os.name" value="Linux"/>
    <property name="sun.boot.class.path" value="/usr/lib/jvm/jdk1.7.0_79/jre/lib/resources.jar:/usr/lib/jvm/jdk1.7.0_79/jre/lib/rt.jar:/usr/lib/jvm/jdk1.7.0_79/jre/lib/sunrsasign.jar:/usr/lib/jvm/jdk1.7.0_79/jre/lib/jsse.jar:/usr/lib/jvm/jdk1.7.0_79/jre/lib/jce.jar:/usr/lib/jvm/jdk1.7.0_79/jre/lib/charsets.jar:/usr/lib/jvm/jdk1.7.0_79/jre/lib/jfr.jar:/usr/lib/jvm/jdk1.7.0_79/jre/classes"/>
    <property name="EXECUTOR_NUMBER" value="1"/>
    <property name=" GRADLE_OPTS" value="-Xmx200m -XX:MaxPermSize=128m"/>
    <property name="java.vm.specification.vendor" value="Oracle Corporation"/>
    <property name="POM_DISPLAYNAME" value="SeleniumTestDemo"/>
    <property name="XDG_RUNTIME_DIR" value="/run/user/118"/>
    <property name="NODE_LABELS" value="master"/>
    <property name="java.runtime.version" value="1.7.0_79-b15"/>
    <property name="XDG_SEAT" value="seat0"/>
    <property name="user.name" value="jenkins"/>
    <property name="guice.disable.misplaced.annotation.check" value="true"/>
    <property name="user.language" value="en"/>
    <property name="JOB_BASE_NAME" value="RMSSeleniumTesting"/>
    <property name="BUILD_DISPLAY_NAME" value="#10"/>
    <property name="sun.boot.library.path" value="/usr/lib/jvm/jdk1.7.0_79/jre/lib/amd64"/>
    <property name="DISPLAY" value=":1"/>
    <property name="java.version" value="1.7.0_79"/>
    <property name="user.timezone" value="Asia/Kolkata"/>
    <property name="sun.arch.data.model" value="64"/>
    <property name="NODE_NAME" value="master"/>
    <property name="TERM" value="linux"/>
    <property name="NLSPATH" value="/usr/dt/lib/nls/msg/%L/%N.cat"/>
    <property name="java.endorsed.dirs" value="/usr/lib/jvm/jdk1.7.0_79/jre/lib/endorsed"/>
    <property name="BUILD_ID" value="10"/>
    <property name="sun.cpu.isalist" value=""/>
    <property name="sun.jnu.encoding" value="UTF-8"/>
    <property name="file.encoding.pkg" value="sun.io"/>
    <property name="SHELL" value="/bin/bash"/>
    <property name="file.separator" value="/"/>
    <property name="java.specification.name" value="Java Platform API Specification"/>
    <property name="J2SDKDIR" value="/usr/lib/jvm/java-8-oracle"/>
    <property name="DERBY_HOME" value="/usr/lib/jvm/java-8-oracle/db"/>
    <property name="java.class.version" value="51.0"/>
    <property name="org.slf4j.simpleLogger.defaultLogLevel" value="info"/>
    <property name="user.country" value="IN"/>
    <property name="securerandom.source" value="file:/dev/./urandom"/>
    <property name="java.home" value="/usr/lib/jvm/jdk1.7.0_79/jre"/>
    <property name="java.vm.info" value="mixed mode"/>
    <property name="os.version" value="3.19.0-58-generic"/>
    <property name="CATALINA_HOME" value="/usr/apache/apache-tomcat-7.0.70"/>
    <property name="POM_VERSION" value="0.0.1-SNAPSHOT"/>
    <property name="sun.font.fontmanager" value="sun.awt.X11FontManager"/>
    <property name="path.separator" value=":"/>
    <property name="java.vm.version" value="24.79-b02"/>
    <property name="SHLVL" value="1"/>
    <property name="_" value="/usr/bin/daemon"/>
    <property name="java.awt.printerjob" value="sun.print.PSPrinterJob"/>
    <property name="JAVA_HOME" value="/usr/lib/jvm/jdk1.7.0_79"/>
    <property name="sun.io.unicode.encoding" value="UnicodeLittle"/>
    <property name="awt.toolkit" value="sun.awt.X11.XToolkit"/>
    <property name="J2REDIR" value="/usr/lib/jvm/java-8-oracle/jre"/>
    <property name="LOGNAME" value="jenkins"/>
    <property name="POM_PACKAGING" value="jar"/>
    <property name="HOME" value="/var/lib/jenkins"/>
    <property name="POM_GROUPID" value="SeleniumTestDemo"/>
    <property name="user.home" value="/var/lib/jenkins"/>
    <property name="BUILD_TAG" value="jenkins-RMSSeleniumTesting-10"/>
    <property name="JENKINS_SERVER_COOKIE" value="298135014dfc232b"/>
    <property name="HUDSON_URL" value="http://localhost:8080/"/>
    <property name="java.specification.vendor" value="Oracle Corporation"/>
    <property name="XDG_SESSION_ID" value="c1"/>
    <property name="CLASSPATH" value=""/>
    <property name="java.vendor.url" value="http://java.oracle.com/"/>
    <property name="java.library.path" value="/usr/java/packages/lib/amd64:/usr/lib64:/lib64:/lib:/usr/lib"/>
    <property name="java.vm.vendor" value="Oracle Corporation"/>
    <property name="java.runtime.name" value="Java(TM) SE Runtime Environment"/>
    <property name="maven.home" value="/usr/share/maven3"/>
    <property name="java.class.path" value="/var/lib/jenkins/plugins/maven-plugin/WEB-INF/lib/maven32-agent-1.7.jar:/usr/share/maven3/boot/plexus-classworlds-2.5.2.jar:/usr/share/maven3/conf/logging"/>
    <property name="sun.java.command" value="jenkins.maven3.agent.Maven32Main /usr/share/maven3/ /var/cache/jenkins/war/WEB-INF/lib/remoting-2.62.2.jar /var/lib/jenkins/plugins/maven-plugin/WEB-INF/lib/maven32-interceptor-1.7.jar /var/lib/jenkins/plugins/maven-plugin/WEB-INF/lib/maven3-interceptor-commons-1.7.jar 57587"/>
    <property name="java.vm.specification.name" value="Java Virtual Machine Specification"/>
    <property name="PATH+JDK" value="/usr/lib/jvm/jdk1.7.0_79/bin"/>
    <property name="java.vm.specification.version" value="1.7"/>
    <property name="sun.os.patch.level" value="unknown"/>
    <property name="sun.cpu.endian" value="little"/>
    <property name="M2_HOME" value="/usr/share/maven3/"/>
    <property name="MAIL" value="/var/mail/jenkins"/>
    <property name="java.io.tmpdir" value="/tmp"/>
    <property name="HUDSON_HOME" value="/var/lib/jenkins"/>
    <property name="PATH+MAVEN" value="/usr/share/maven3//bin"/>
    <property name="BUILD_URL" value="http://localhost:8080/job/RMSSeleniumTesting/10/"/>
    <property name="java.vendor.url.bug" value="http://bugreport.sun.com/bugreport/"/>
    <property name="MAVEN_OPTS" value="-Xmx200m -XX:MaxPermSize=128m"/>
    <property name="java.awt.graphicsenv" value="sun.awt.X11GraphicsEnvironment"/>
    <property name="os.arch" value="amd64"/>
    <property name="java.ext.dirs" value="/usr/lib/jvm/jdk1.7.0_79/jre/lib/ext:/usr/java/packages/lib/ext"/>
    <property name="user.dir" value="/home/gits/workspace/SeleniumTestDemo"/>
    <property name="JOB_URL" value="http://localhost:8080/job/RMSSeleniumTesting/"/>
    <property name="line.separator" value="&#10;"/>
    <property name="MAVEN_HOME" value="/usr/share/maven3/"/>
    <property name="java.vm.name" value="Java HotSpot(TM) 64-Bit Server VM"/>
    <property name="BUILD_NUMBER" value="10"/>
    <property name="JENKINS_URL" value="http://localhost:8080/"/>
    <property name="QT_QPA_PLATFORMTHEME" value="appmenu-qt5"/>
    <property name="file.encoding" value="UTF-8"/>
    <property name="LANG" value="en_IN"/>
    <property name="maven3.interceptor" value="/var/lib/jenkins/plugins/maven-plugin/WEB-INF/lib/maven32-interceptor-1.7.jar"/>
    <property name="WORKSPACE" value="/var/lib/jenkins/workspace/RMSSeleniumTesting"/>
    <property name="maven3.interceptor.common" value="/var/lib/jenkins/plugins/maven-plugin/WEB-INF/lib/maven3-interceptor-commons-1.7.jar"/>
    <property name="java.specification.version" value="1.7"/>
    <property name="LANGUAGE" value="en_IN:en"/>
    <property name="USER" value="jenkins"/>
    <property name="XFILESEARCHPATH" value="/usr/dt/app-defaults/%L/Dt"/>
  </properties>
  <testcase name="testEasy" classname="example.NewTest" time="20.844"/>
</testsuite>