<?xml version="1.0" encoding="UTF-8"?>
<!-- Generated by org.testng.reporters.JUnitReportReporter -->
<testsuite hostname="gits-server" name="example.NewTest" tests="1" failures="0" timestamp="28 Feb 2017 10:17:18 GMT" time="20.844" errors="0">
  <testcase name="testEasy" time="20.844" classname="example.NewTest"/>
</testsuite> <!-- example.NewTest -->
